<?xml version="1.0" encoding="UTF-8"?>
<testsuite xmlns:xsi="http://www.w3.org/2001/XMLSchema-instance" xsi:noNamespaceSchemaLocation="https://maven.apache.org/surefire/maven-surefire-plugin/xsd/surefire-test-report.xsd" name="com.epam.rd.autotasks.ParamCarefulIncapableQuadraticEquationTestingTest" time="0.016" tests="4" errors="0" skipped="0" failures="0">
  <properties>
[...]
</properties>
  <testcase name="testParamCarefulIncapableQuadraticEquationZeroACasesTesting" classname="com.epam.rd.autotasks.ParamCarefulIncapableQuadraticEquationTestingTest" time="0.004"/>
  <testcase name="testParamCarefulIncapableQuadraticEquationSingleRootCasesTesting" classname="com.epam.rd.autotasks.ParamCarefulIncapableQuadraticEquationTestingTest" time="0.002"/>
  <testcase name="testParamCarefulIncapableQuadraticEquationNoRootsCasesTesting" classname="com.epam.rd.autotasks.ParamCarefulIncapableQuadraticEquationTestingTest" time="0.005"/>
  <testcase name="testParamCarefulIncapableQuadraticEquationTwoRootsCasesTesting" classname="com.epam.rd.autotasks.ParamCarefulIncapableQuadraticEquationTestingTest" time="0.003"/>
</testsuite>