<?xml version="1.0" encoding="UTF-8"?>
<testsuite xmlns:xsi="http://www.w3.org/2001/XMLSchema-instance" xsi:noNamespaceSchemaLocation="https://maven.apache.org/surefire/maven-surefire-plugin/xsd/surefire-test-report.xsd" name="com.epam.rd.autotasks.meetstrangers.HelloStrangersTest" time="0.112" tests="10" errors="0" skipped="0" failures="8">
  <properties>
[...]
</properties>
  <testcase name="zeroInputTest" classname="com.epam.rd.autotasks.meetstrangers.HelloStrangersTest" time="0.022"/>
  <testcase name="anyNamesTest{List}[1]" classname="com.epam.rd.autotasks.meetstrangers.HelloStrangersTest" time="0.03">
    <failure message="expected: &lt;Hello, Angus&gt; but was: &lt;Hello, &#10;Hello, Angus&gt;" type="org.opentest4j.AssertionFailedError"><![CDATA[org.opentest4j.AssertionFailedError: 
expected: <Hello, Angus> but was: <Hello, 
Hello, Angus>
	at com.epam.rd.autotasks.meetstrangers.HelloStrangersTest.anyNamesTest(HelloStrangersTest.java:57)
]]></failure>
  </testcase>
  <testcase name="anyNamesTest{List}[2]" classname="com.epam.rd.autotasks.meetstrangers.HelloStrangersTest" time="0.003">
    <failure message="expected: &lt;Hello, Agent Smith&gt; but was: &lt;Hello, &#10;Hello, Agent Smith&gt;" type="org.opentest4j.AssertionFailedError"><![CDATA[org.opentest4j.AssertionFailedError: 
expected: <Hello, Agent Smith> but was: <Hello, 
Hello, Agent Smith>
	at com.epam.rd.autotasks.meetstrangers.HelloStrangersTest.anyNamesTest(HelloStrangersTest.java:57)
]]></failure>
  </testcase>
  <testcase name="anyNamesTest{List}[3]" classname="com.epam.rd.autotasks.meetstrangers.HelloStrangersTest" time="0.002">
    <failure message="expected: &lt;Hello, Kiefer William Frederick Dempsey George Rufus Sutherland&gt; but was: &lt;Hello, &#10;Hello, Kiefer William Frederick Dempsey George Rufus Sutherland&gt;" type="org.opentest4j.AssertionFailedError"><![CDATA[org.opentest4j.AssertionFailedError: 
expected: <Hello, Kiefer William Frederick Dempsey George Rufus Sutherland> but was: <Hello, 
Hello, Kiefer William Frederick Dempsey George Rufus Sutherland>
	at com.epam.rd.autotasks.meetstrangers.HelloStrangersTest.anyNamesTest(HelloStrangersTest.java:57)
]]></failure>
  </testcase>
  <testcase name="anyNamesTest{List}[4]" classname="com.epam.rd.autotasks.meetstrangers.HelloStrangersTest" time="0.003">
    <failure message="expected: &lt;Hello, 1+-Pro-100-Tascher-+1&#10;Hello, Robert&#10;Hello, R2-D2&#10;Hello, Bilbo Baggins&gt; but was: &lt;Hello, &#10;Hello, 1+-Pro-100-Tascher-+1&#10;Hello, Robert&#10;Hello, R2-D2&#10;Hello, Bilbo Baggins&gt;" type="org.opentest4j.AssertionFailedError"><![CDATA[org.opentest4j.AssertionFailedError: 
expected: <Hello, 1+-Pro-100-Tascher-+1
Hello, Robert
Hello, R2-D2
Hello, Bilbo Baggins> but was: <Hello, 
Hello, 1+-Pro-100-Tascher-+1
Hello, Robert
Hello, R2-D2
Hello, Bilbo Baggins>
	at com.epam.rd.autotasks.meetstrangers.HelloStrangersTest.anyNamesTest(HelloStrangersTest.java:57)
]]></failure>
  </testcase>
  <testcase name="anyNamesTest{List}[5]" classname="com.epam.rd.autotasks.meetstrangers.HelloStrangersTest" time="0.003">
    <failure message="expected: &lt;Hello, John&#10;Hello, Billy Harrington&#10;Hello, Jimmy&#10;Hello, Jimmy&gt; but was: &lt;Hello, &#10;Hello, John&#10;Hello, Billy Harrington&#10;Hello, Jimmy&#10;Hello, Jimmy&gt;" type="org.opentest4j.AssertionFailedError"><![CDATA[org.opentest4j.AssertionFailedError: 
expected: <Hello, John
Hello, Billy Harrington
Hello, Jimmy
Hello, Jimmy> but was: <Hello, 
Hello, John
Hello, Billy Harrington
Hello, Jimmy
Hello, Jimmy>
	at com.epam.rd.autotasks.meetstrangers.HelloStrangersTest.anyNamesTest(HelloStrangersTest.java:57)
]]></failure>
  </testcase>
  <testcase name="anyNamesTest{List}[6]" classname="com.epam.rd.autotasks.meetstrangers.HelloStrangersTest" time="0.003">
    <failure message="expected: &lt;Hello, Carl Johnson&#10;Hello, 1+-Pro-100-Tascher-+1&#10;Hello, C-3PO&gt; but was: &lt;Hello, &#10;Hello, Carl Johnson&#10;Hello, 1+-Pro-100-Tascher-+1&#10;Hello, C-3PO&gt;" type="org.opentest4j.AssertionFailedError"><![CDATA[org.opentest4j.AssertionFailedError: 
expected: <Hello, Carl Johnson
Hello, 1+-Pro-100-Tascher-+1
Hello, C-3PO> but was: <Hello, 
Hello, Carl Johnson
Hello, 1+-Pro-100-Tascher-+1
Hello, C-3PO>
	at com.epam.rd.autotasks.meetstrangers.HelloStrangersTest.anyNamesTest(HelloStrangersTest.java:57)
]]></failure>
  </testcase>
  <testcase name="anyNamesTest{List}[7]" classname="com.epam.rd.autotasks.meetstrangers.HelloStrangersTest" time="0.002">
    <failure message="expected: &lt;Hello, Wastelander&gt; but was: &lt;Hello, &#10;Hello, Wastelander&gt;" type="org.opentest4j.AssertionFailedError"><![CDATA[org.opentest4j.AssertionFailedError: 
expected: <Hello, Wastelander> but was: <Hello, 
Hello, Wastelander>
	at com.epam.rd.autotasks.meetstrangers.HelloStrangersTest.anyNamesTest(HelloStrangersTest.java:57)
]]></failure>
  </testcase>
  <testcase name="anyNamesTest{List}[8]" classname="com.epam.rd.autotasks.meetstrangers.HelloStrangersTest" time="0.003">
    <failure message="expected: &lt;Hello, Carl Johnson&#10;Hello, Bilbo Baggins&#10;Hello, R2-D2&#10;Hello, Robert&#10;Hello, Wastelander&gt; but was: &lt;Hello, &#10;Hello, Carl Johnson&#10;Hello, Bilbo Baggins&#10;Hello, R2-D2&#10;Hello, Robert&#10;Hello, Wastelander&gt;" type="org.opentest4j.AssertionFailedError"><![CDATA[org.opentest4j.AssertionFailedError: 
expected: <Hello, Carl Johnson
Hello, Bilbo Baggins
Hello, R2-D2
Hello, Robert
Hello, Wastelander> but was: <Hello, 
Hello, Carl Johnson
Hello, Bilbo Baggins
Hello, R2-D2
Hello, Robert
Hello, Wastelander>
	at com.epam.rd.autotasks.meetstrangers.HelloStrangersTest.anyNamesTest(HelloStrangersTest.java:57)
]]></failure>
  </testcase>
  <testcase name="negInputTest" classname="com.epam.rd.autotasks.meetstrangers.HelloStrangersTest" time="0.002"/>
</testsuite>