<?xml version="1.0" encoding="UTF-8"?>
<testsuite xmlns:xsi="http://www.w3.org/2001/XMLSchema-instance" xsi:noNamespaceSchemaLocation="https://maven.apache.org/surefire/maven-surefire-plugin/xsd/surefire-test-report.xsd" name="com.epam.rd.autotasks.meetstrangers.HelloStrangersTest" time="0.112" tests="10" errors="0" skipped="0" failures="8">
  <properties>
    <property name="java.specification.version" value="16"/>
    <property name="sun.jnu.encoding" value="UTF-8"/>
    <property name="java.class.path" value="/Users/JF/IdeaProjects/meet-strangers/target/test-classes:/Users/JF/IdeaProjects/meet-strangers/target/classes:/Users/JF/.m2/repository/org/junit/jupiter/junit-jupiter-engine/5.8.1/junit-jupiter-engine-5.8.1.jar:/Users/JF/.m2/repository/org/junit/platform/junit-platform-engine/1.8.1/junit-platform-engine-1.8.1.jar:/Users/JF/.m2/repository/org/apiguardian/apiguardian-api/1.1.2/apiguardian-api-1.1.2.jar:/Users/JF/.m2/repository/org/junit/jupiter/junit-jupiter-api/5.8.1/junit-jupiter-api-5.8.1.jar:/Users/JF/.m2/repository/org/opentest4j/opentest4j/1.2.0/opentest4j-1.2.0.jar:/Users/JF/.m2/repository/org/junit/platform/junit-platform-commons/1.8.1/junit-platform-commons-1.8.1.jar:/Users/JF/.m2/repository/org/junit/jupiter/junit-jupiter-params/5.8.1/junit-jupiter-params-5.8.1.jar:/Users/JF/.m2/repository/com/github/stefanbirkner/system-lambda/1.2.0/system-lambda-1.2.0.jar:"/>
    <property name="java.vm.vendor" value="Oracle Corporation"/>
    <property name="sun.arch.data.model" value="64"/>
    <property name="java.vendor.url" value="https://java.oracle.com/"/>
    <property name="os.name" value="Mac OS X"/>
    <property name="java.vm.specification.version" value="16"/>
    <property name="sun.java.launcher" value="SUN_STANDARD"/>
    <property name="user.country" value="UA"/>
    <property name="sun.boot.library.path" value="/Users/JF/Desktop/Education/JDK/jdk-16.0.2.jdk/Contents/Home/lib"/>
    <property name="sun.java.command" value="/Users/JF/IdeaProjects/meet-strangers/target/surefire/surefirebooter15696947264580272164.jar /Users/JF/IdeaProjects/meet-strangers/target/surefire 2022-04-11T14-18-21_273-jvmRun1 surefire17109111885305201265tmp surefire_012066980734910402269tmp"/>
    <property name="http.nonProxyHosts" value="local|*.local|169.254/16|*.169.254/16"/>
    <property name="jdk.debug" value="release"/>
    <property name="surefire.test.class.path" value="/Users/JF/IdeaProjects/meet-strangers/target/test-classes:/Users/JF/IdeaProjects/meet-strangers/target/classes:/Users/JF/.m2/repository/org/junit/jupiter/junit-jupiter-engine/5.8.1/junit-jupiter-engine-5.8.1.jar:/Users/JF/.m2/repository/org/junit/platform/junit-platform-engine/1.8.1/junit-platform-engine-1.8.1.jar:/Users/JF/.m2/repository/org/apiguardian/apiguardian-api/1.1.2/apiguardian-api-1.1.2.jar:/Users/JF/.m2/repository/org/junit/jupiter/junit-jupiter-api/5.8.1/junit-jupiter-api-5.8.1.jar:/Users/JF/.m2/repository/org/opentest4j/opentest4j/1.2.0/opentest4j-1.2.0.jar:/Users/JF/.m2/repository/org/junit/platform/junit-platform-commons/1.8.1/junit-platform-commons-1.8.1.jar:/Users/JF/.m2/repository/org/junit/jupiter/junit-jupiter-params/5.8.1/junit-jupiter-params-5.8.1.jar:/Users/JF/.m2/repository/com/github/stefanbirkner/system-lambda/1.2.0/system-lambda-1.2.0.jar:"/>
    <property name="sun.cpu.endian" value="little"/>
    <property name="user.home" value="/Users/JF"/>
    <property name="user.language" value="ru"/>
    <property name="java.specification.vendor" value="Oracle Corporation"/>
    <property name="java.version.date" value="2021-07-20"/>
    <property name="java.home" value="/Users/JF/Desktop/Education/JDK/jdk-16.0.2.jdk/Contents/Home"/>
    <property name="file.separator" value="/"/>
    <property name="basedir" value="/Users/JF/IdeaProjects/meet-strangers"/>
    <property name="java.vm.compressedOopsMode" value="Zero based"/>
    <property name="line.separator" value="&#10;"/>
    <property name="java.specification.name" value="Java Platform API Specification"/>
    <property name="java.vm.specification.vendor" value="Oracle Corporation"/>
    <property name="surefire.real.class.path" value="/Users/JF/IdeaProjects/meet-strangers/target/surefire/surefirebooter15696947264580272164.jar"/>
    <property name="sun.management.compiler" value="HotSpot 64-Bit Tiered Compilers"/>
    <property name="ftp.nonProxyHosts" value="local|*.local|169.254/16|*.169.254/16"/>
    <property name="java.runtime.version" value="16.0.2+7-67"/>
    <property name="user.name" value="JF"/>
    <property name="path.separator" value=":"/>
    <property name="os.version" value="11.2"/>
    <property name="java.runtime.name" value="OpenJDK Runtime Environment"/>
    <property name="file.encoding" value="US-ASCII"/>
    <property name="java.vm.name" value="OpenJDK 64-Bit Server VM"/>
    <property name="localRepository" value="/Users/JF/.m2/repository"/>
    <property name="java.vendor.url.bug" value="https://bugreport.java.com/bugreport/"/>
    <property name="java.io.tmpdir" value="/var/folders/y4/2y0lvfdn0m18h11bks443kdr0000gp/T/"/>
    <property name="idea.version" value="2021.2.4"/>
    <property name="java.version" value="16.0.2"/>
    <property name="user.dir" value="/Users/JF/IdeaProjects/meet-strangers"/>
    <property name="os.arch" value="x86_64"/>
    <property name="java.vm.specification.name" value="Java Virtual Machine Specification"/>
    <property name="java.library.path" value="/Users/JF/Library/Java/Extensions:/Library/Java/Extensions:/Network/Library/Java/Extensions:/System/Library/Java/Extensions:/usr/lib/java:."/>
    <property name="java.vm.info" value="mixed mode, sharing"/>
    <property name="java.vendor" value="Oracle Corporation"/>
    <property name="java.vm.version" value="16.0.2+7-67"/>
    <property name="sun.io.unicode.encoding" value="UnicodeBig"/>
    <property name="socksNonProxyHosts" value="local|*.local|169.254/16|*.169.254/16"/>
    <property name="java.class.version" value="60.0"/>
  </properties>
  <testcase name="zeroInputTest" classname="com.epam.rd.autotasks.meetstrangers.HelloStrangersTest" time="0.022"/>
  <testcase name="anyNamesTest{List}[1]" classname="com.epam.rd.autotasks.meetstrangers.HelloStrangersTest" time="0.03">
    <failure message="expected: &lt;Hello, Angus&gt; but was: &lt;Hello, &#10;Hello, Angus&gt;" type="org.opentest4j.AssertionFailedError"><![CDATA[org.opentest4j.AssertionFailedError: 
expected: <Hello, Angus> but was: <Hello, 
Hello, Angus>
	at com.epam.rd.autotasks.meetstrangers.HelloStrangersTest.anyNamesTest(HelloStrangersTest.java:57)
]]></failure>
  </testcase>
  <testcase name="anyNamesTest{List}[2]" classname="com.epam.rd.autotasks.meetstrangers.HelloStrangersTest" time="0.003">
    <failure message="expected: &lt;Hello, Agent Smith&gt; but was: &lt;Hello, &#10;Hello, Agent Smith&gt;" type="org.opentest4j.AssertionFailedError"><![CDATA[org.opentest4j.AssertionFailedError: 
expected: <Hello, Agent Smith> but was: <Hello, 
Hello, Agent Smith>
	at com.epam.rd.autotasks.meetstrangers.HelloStrangersTest.anyNamesTest(HelloStrangersTest.java:57)
]]></failure>
  </testcase>
  <testcase name="anyNamesTest{List}[3]" classname="com.epam.rd.autotasks.meetstrangers.HelloStrangersTest" time="0.002">
    <failure message="expected: &lt;Hello, Kiefer William Frederick Dempsey George Rufus Sutherland&gt; but was: &lt;Hello, &#10;Hello, Kiefer William Frederick Dempsey George Rufus Sutherland&gt;" type="org.opentest4j.AssertionFailedError"><![CDATA[org.opentest4j.AssertionFailedError: 
expected: <Hello, Kiefer William Frederick Dempsey George Rufus Sutherland> but was: <Hello, 
Hello, Kiefer William Frederick Dempsey George Rufus Sutherland>
	at com.epam.rd.autotasks.meetstrangers.HelloStrangersTest.anyNamesTest(HelloStrangersTest.java:57)
]]></failure>
  </testcase>
  <testcase name="anyNamesTest{List}[4]" classname="com.epam.rd.autotasks.meetstrangers.HelloStrangersTest" time="0.003">
    <failure message="expected: &lt;Hello, 1+-Pro-100-Tascher-+1&#10;Hello, Robert&#10;Hello, R2-D2&#10;Hello, Bilbo Baggins&gt; but was: &lt;Hello, &#10;Hello, 1+-Pro-100-Tascher-+1&#10;Hello, Robert&#10;Hello, R2-D2&#10;Hello, Bilbo Baggins&gt;" type="org.opentest4j.AssertionFailedError"><![CDATA[org.opentest4j.AssertionFailedError: 
expected: <Hello, 1+-Pro-100-Tascher-+1
Hello, Robert
Hello, R2-D2
Hello, Bilbo Baggins> but was: <Hello, 
Hello, 1+-Pro-100-Tascher-+1
Hello, Robert
Hello, R2-D2
Hello, Bilbo Baggins>
	at com.epam.rd.autotasks.meetstrangers.HelloStrangersTest.anyNamesTest(HelloStrangersTest.java:57)
]]></failure>
  </testcase>
  <testcase name="anyNamesTest{List}[5]" classname="com.epam.rd.autotasks.meetstrangers.HelloStrangersTest" time="0.003">
    <failure message="expected: &lt;Hello, John&#10;Hello, Billy Harrington&#10;Hello, Jimmy&#10;Hello, Jimmy&gt; but was: &lt;Hello, &#10;Hello, John&#10;Hello, Billy Harrington&#10;Hello, Jimmy&#10;Hello, Jimmy&gt;" type="org.opentest4j.AssertionFailedError"><![CDATA[org.opentest4j.AssertionFailedError: 
expected: <Hello, John
Hello, Billy Harrington
Hello, Jimmy
Hello, Jimmy> but was: <Hello, 
Hello, John
Hello, Billy Harrington
Hello, Jimmy
Hello, Jimmy>
	at com.epam.rd.autotasks.meetstrangers.HelloStrangersTest.anyNamesTest(HelloStrangersTest.java:57)
]]></failure>
  </testcase>
  <testcase name="anyNamesTest{List}[6]" classname="com.epam.rd.autotasks.meetstrangers.HelloStrangersTest" time="0.003">
    <failure message="expected: &lt;Hello, Carl Johnson&#10;Hello, 1+-Pro-100-Tascher-+1&#10;Hello, C-3PO&gt; but was: &lt;Hello, &#10;Hello, Carl Johnson&#10;Hello, 1+-Pro-100-Tascher-+1&#10;Hello, C-3PO&gt;" type="org.opentest4j.AssertionFailedError"><![CDATA[org.opentest4j.AssertionFailedError: 
expected: <Hello, Carl Johnson
Hello, 1+-Pro-100-Tascher-+1
Hello, C-3PO> but was: <Hello, 
Hello, Carl Johnson
Hello, 1+-Pro-100-Tascher-+1
Hello, C-3PO>
	at com.epam.rd.autotasks.meetstrangers.HelloStrangersTest.anyNamesTest(HelloStrangersTest.java:57)
]]></failure>
  </testcase>
  <testcase name="anyNamesTest{List}[7]" classname="com.epam.rd.autotasks.meetstrangers.HelloStrangersTest" time="0.002">
    <failure message="expected: &lt;Hello, Wastelander&gt; but was: &lt;Hello, &#10;Hello, Wastelander&gt;" type="org.opentest4j.AssertionFailedError"><![CDATA[org.opentest4j.AssertionFailedError: 
expected: <Hello, Wastelander> but was: <Hello, 
Hello, Wastelander>
	at com.epam.rd.autotasks.meetstrangers.HelloStrangersTest.anyNamesTest(HelloStrangersTest.java:57)
]]></failure>
  </testcase>
  <testcase name="anyNamesTest{List}[8]" classname="com.epam.rd.autotasks.meetstrangers.HelloStrangersTest" time="0.003">
    <failure message="expected: &lt;Hello, Carl Johnson&#10;Hello, Bilbo Baggins&#10;Hello, R2-D2&#10;Hello, Robert&#10;Hello, Wastelander&gt; but was: &lt;Hello, &#10;Hello, Carl Johnson&#10;Hello, Bilbo Baggins&#10;Hello, R2-D2&#10;Hello, Robert&#10;Hello, Wastelander&gt;" type="org.opentest4j.AssertionFailedError"><![CDATA[org.opentest4j.AssertionFailedError: 
expected: <Hello, Carl Johnson
Hello, Bilbo Baggins
Hello, R2-D2
Hello, Robert
Hello, Wastelander> but was: <Hello, 
Hello, Carl Johnson
Hello, Bilbo Baggins
Hello, R2-D2
Hello, Robert
Hello, Wastelander>
	at com.epam.rd.autotasks.meetstrangers.HelloStrangersTest.anyNamesTest(HelloStrangersTest.java:57)
]]></failure>
  </testcase>
  <testcase name="negInputTest" classname="com.epam.rd.autotasks.meetstrangers.HelloStrangersTest" time="0.002"/>
</testsuite>