<?xml version="1.0" encoding="UTF-8"?>
<testsuite xmlns:xsi="http://www.w3.org/2001/XMLSchema-instance" xsi:noNamespaceSchemaLocation="https://maven.apache.org/surefire/maven-surefire-plugin/xsd/surefire-test-report.xsd" name="com.epam.rd.java.basic.topic07.task01.TaskTest" time="1.084" tests="6" errors="0" skipped="0" failures="0">
  <properties>
[...]
</properties>
  <testcase name="testCompliance" classname="com.epam.rd.java.basic.topic07.task01.TaskTest" time="0.173"/>
  <testcase name="testDemo" classname="com.epam.rd.java.basic.topic07.task01.TaskTest" time="0.129"/>
  <testcase name="test1" classname="com.epam.rd.java.basic.topic07.task01.TaskTest" time="0.038"/>
  <testcase name="test2" classname="com.epam.rd.java.basic.topic07.task01.TaskTest" time="0.029"/>
  <testcase name="test3" classname="com.epam.rd.java.basic.topic07.task01.TaskTest" time="0.043"/>
  <testcase name="test4" classname="com.epam.rd.java.basic.topic07.task01.TaskTest" time="0.037"/>
</testsuite>